<?xml version="1.0" encoding="UTF-8"?>
<testng-results ignored="0" total="2" passed="2" failed="0" skipped="0">
  <reporter-output>
  </reporter-output>
  <suite started-at="2025-05-22T22:54:55 IST" name="Suite" finished-at="2025-05-22T22:55:13 IST" duration-ms="18144">
    <groups>
      <group name="Master">
        <method signature="TS_002_LoginTest.account_Login()[pri:0, instance:testCases.TS_002_LoginTest@799f10e1]" name="account_Login" class="testCases.TS_002_LoginTest"/>
      </group> <!-- Master -->
      <group name="Sanity">
        <method signature="TS_001_Registration.account_Register()[pri:0, instance:testCases.TS_001_Registration@351d00c0]" name="account_Register" class="testCases.TS_001_Registration"/>
        <method signature="TS_002_LoginTest.account_Login()[pri:0, instance:testCases.TS_002_LoginTest@799f10e1]" name="account_Login" class="testCases.TS_002_LoginTest"/>
      </group> <!-- Sanity -->
    </groups>
    <test started-at="2025-05-22T22:54:55 IST" name="Test" finished-at="2025-05-22T22:55:13 IST" duration-ms="18144">
      <class name="testCases.TS_001_Registration">
        <test-method is-config="true" signature="setup(java.lang.String,java.lang.String)[pri:0, instance:testCases.TS_001_Registration@351d00c0]" started-at="2025-05-22T22:54:55 IST" name="setup" finished-at="2025-05-22T22:55:01 IST" duration-ms="6073" status="PASS">
          <params>
            <param index="0">
              <value>
                <![CDATA[Windows]]>
              </value>
            </param>
            <param index="1">
              <value>
                <![CDATA[chrome]]>
              </value>
            </param>
          </params>
          <reporter-output>
          </reporter-output>
        </test-method> <!-- setup -->
        <test-method signature="account_Register()[pri:0, instance:testCases.TS_001_Registration@351d00c0]" started-at="2025-05-22T22:55:01 IST" name="account_Register" finished-at="2025-05-22T22:55:07 IST" duration-ms="5110" status="PASS">
          <reporter-output>
          </reporter-output>
        </test-method> <!-- account_Register -->
        <test-method is-config="true" signature="tearDown()[pri:0, instance:testCases.TS_001_Registration@351d00c0]" started-at="2025-05-22T22:55:07 IST" name="tearDown" finished-at="2025-05-22T22:55:07 IST" duration-ms="308" status="PASS">
          <reporter-output>
          </reporter-output>
        </test-method> <!-- tearDown -->
      </class> <!-- testCases.TS_001_Registration -->
      <class name="testCases.TS_002_LoginTest">
        <test-method is-config="true" signature="setup(java.lang.String,java.lang.String)[pri:0, instance:testCases.TS_002_LoginTest@799f10e1]" started-at="2025-05-22T22:55:07 IST" name="setup" finished-at="2025-05-22T22:55:10 IST" duration-ms="3577" status="PASS">
          <params>
            <param index="0">
              <value>
                <![CDATA[Windows]]>
              </value>
            </param>
            <param index="1">
              <value>
                <![CDATA[chrome]]>
              </value>
            </param>
          </params>
          <reporter-output>
          </reporter-output>
        </test-method> <!-- setup -->
        <test-method signature="account_Login()[pri:0, instance:testCases.TS_002_LoginTest@799f10e1]" started-at="2025-05-22T22:55:10 IST" name="account_Login" finished-at="2025-05-22T22:55:13 IST" duration-ms="2363" status="PASS">
          <reporter-output>
          </reporter-output>
        </test-method> <!-- account_Login -->
        <test-method is-config="true" signature="tearDown()[pri:0, instance:testCases.TS_002_LoginTest@799f10e1]" started-at="2025-05-22T22:55:13 IST" name="tearDown" finished-at="2025-05-22T22:55:13 IST" duration-ms="235" status="PASS">
          <reporter-output>
          </reporter-output>
        </test-method> <!-- tearDown -->
      </class> <!-- testCases.TS_002_LoginTest -->
    </test> <!-- Test -->
  </suite> <!-- Suite -->
</testng-results>
