<?xml version="1.0" encoding="UTF-8"?>
<testng-results ignored="0" total="2" passed="2" failed="0" skipped="0">
  <reporter-output>
  </reporter-output>
  <suite started-at="2025-05-25T19:44:03 IST" name="Suite" finished-at="2025-05-25T19:44:21 IST" duration-ms="18017">
    <groups>
      <group name="Master">
        <method signature="TS_002_LoginTest.account_Login()[pri:0, instance:testCases.TS_002_LoginTest@1d2adfbe]" name="account_Login" class="testCases.TS_002_LoginTest"/>
      </group> <!-- Master -->
      <group name="Sanity">
        <method signature="TS_001_Registration.account_Register()[pri:0, instance:testCases.TS_001_Registration@7e07db1f]" name="account_Register" class="testCases.TS_001_Registration"/>
        <method signature="TS_002_LoginTest.account_Login()[pri:0, instance:testCases.TS_002_LoginTest@1d2adfbe]" name="account_Login" class="testCases.TS_002_LoginTest"/>
      </group> <!-- Sanity -->
    </groups>
    <test started-at="2025-05-25T19:44:03 IST" name="Test" finished-at="2025-05-25T19:44:21 IST" duration-ms="18017">
      <class name="testCases.TS_001_Registration">
        <test-method is-config="true" signature="setup(java.lang.String,java.lang.String)[pri:0, instance:testCases.TS_001_Registration@7e07db1f]" started-at="2025-05-25T19:44:04 IST" name="setup" finished-at="2025-05-25T19:44:12 IST" duration-ms="7514" status="PASS">
          <params>
            <param index="0">
              <value>
                <![CDATA[Windows]]>
              </value>
            </param>
            <param index="1">
              <value>
                <![CDATA[chrome]]>
              </value>
            </param>
          </params>
          <reporter-output>
          </reporter-output>
        </test-method> <!-- setup -->
        <test-method signature="account_Register()[pri:0, instance:testCases.TS_001_Registration@7e07db1f]" started-at="2025-05-25T19:44:12 IST" name="account_Register" finished-at="2025-05-25T19:44:15 IST" duration-ms="3673" status="PASS">
          <reporter-output>
          </reporter-output>
        </test-method> <!-- account_Register -->
        <test-method is-config="true" signature="tearDown()[pri:0, instance:testCases.TS_001_Registration@7e07db1f]" started-at="2025-05-25T19:44:15 IST" name="tearDown" finished-at="2025-05-25T19:44:16 IST" duration-ms="308" status="PASS">
          <reporter-output>
          </reporter-output>
        </test-method> <!-- tearDown -->
      </class> <!-- testCases.TS_001_Registration -->
      <class name="testCases.TS_002_LoginTest">
        <test-method is-config="true" signature="setup(java.lang.String,java.lang.String)[pri:0, instance:testCases.TS_002_LoginTest@1d2adfbe]" started-at="2025-05-25T19:44:16 IST" name="setup" finished-at="2025-05-25T19:44:19 IST" duration-ms="3236" status="PASS">
          <params>
            <param index="0">
              <value>
                <![CDATA[Windows]]>
              </value>
            </param>
            <param index="1">
              <value>
                <![CDATA[chrome]]>
              </value>
            </param>
          </params>
          <reporter-output>
          </reporter-output>
        </test-method> <!-- setup -->
        <test-method signature="account_Login()[pri:0, instance:testCases.TS_002_LoginTest@1d2adfbe]" started-at="2025-05-25T19:44:19 IST" name="account_Login" finished-at="2025-05-25T19:44:21 IST" duration-ms="2306" status="PASS">
          <reporter-output>
          </reporter-output>
        </test-method> <!-- account_Login -->
        <test-method is-config="true" signature="tearDown()[pri:0, instance:testCases.TS_002_LoginTest@1d2adfbe]" started-at="2025-05-25T19:44:21 IST" name="tearDown" finished-at="2025-05-25T19:44:21 IST" duration-ms="280" status="PASS">
          <reporter-output>
          </reporter-output>
        </test-method> <!-- tearDown -->
      </class> <!-- testCases.TS_002_LoginTest -->
    </test> <!-- Test -->
  </suite> <!-- Suite -->
</testng-results>
