<?xml version="1.0" encoding="UTF-8"?>
<testng-results ignored="0" total="2" passed="2" failed="0" skipped="0">
  <reporter-output>
  </reporter-output>
  <suite started-at="2025-05-22T22:04:28 IST" name="Suite" finished-at="2025-05-22T22:05:45 IST" duration-ms="77723">
    <groups>
      <group name="Master">
        <method signature="TS_002_LoginTest.account_Login()[pri:0, instance:testCases.TS_002_LoginTest@3de8f619]" name="account_Login" class="testCases.TS_002_LoginTest"/>
      </group> <!-- Master -->
      <group name="Sanity">
        <method signature="TS_001_Registration.account_Register()[pri:0, instance:testCases.TS_001_Registration@5965d37]" name="account_Register" class="testCases.TS_001_Registration"/>
        <method signature="TS_002_LoginTest.account_Login()[pri:0, instance:testCases.TS_002_LoginTest@3de8f619]" name="account_Login" class="testCases.TS_002_LoginTest"/>
      </group> <!-- Sanity -->
    </groups>
    <test started-at="2025-05-22T22:04:28 IST" name="Test" finished-at="2025-05-22T22:05:45 IST" duration-ms="77723">
      <class name="testCases.TS_001_Registration">
        <test-method is-config="true" signature="setup(java.lang.String,java.lang.String)[pri:0, instance:testCases.TS_001_Registration@5965d37]" started-at="2025-05-22T22:04:28 IST" name="setup" finished-at="2025-05-22T22:05:31 IST" duration-ms="62811" status="PASS">
          <params>
            <param index="0">
              <value>
                <![CDATA[Windows]]>
              </value>
            </param>
            <param index="1">
              <value>
                <![CDATA[chrome]]>
              </value>
            </param>
          </params>
          <reporter-output>
          </reporter-output>
        </test-method> <!-- setup -->
        <test-method signature="account_Register()[pri:0, instance:testCases.TS_001_Registration@5965d37]" started-at="2025-05-22T22:05:31 IST" name="account_Register" finished-at="2025-05-22T22:05:36 IST" duration-ms="4791" status="PASS">
          <reporter-output>
          </reporter-output>
        </test-method> <!-- account_Register -->
        <test-method is-config="true" signature="tearDown()[pri:0, instance:testCases.TS_001_Registration@5965d37]" started-at="2025-05-22T22:05:36 IST" name="tearDown" finished-at="2025-05-22T22:05:37 IST" duration-ms="510" status="PASS">
          <reporter-output>
          </reporter-output>
        </test-method> <!-- tearDown -->
      </class> <!-- testCases.TS_001_Registration -->
      <class name="testCases.TS_002_LoginTest">
        <test-method is-config="true" signature="setup(java.lang.String,java.lang.String)[pri:0, instance:testCases.TS_002_LoginTest@3de8f619]" started-at="2025-05-22T22:05:37 IST" name="setup" finished-at="2025-05-22T22:05:41 IST" duration-ms="4777" status="PASS">
          <params>
            <param index="0">
              <value>
                <![CDATA[Windows]]>
              </value>
            </param>
            <param index="1">
              <value>
                <![CDATA[chrome]]>
              </value>
            </param>
          </params>
          <reporter-output>
          </reporter-output>
        </test-method> <!-- setup -->
        <test-method signature="account_Login()[pri:0, instance:testCases.TS_002_LoginTest@3de8f619]" started-at="2025-05-22T22:05:41 IST" name="account_Login" finished-at="2025-05-22T22:05:45 IST" duration-ms="3171" status="PASS">
          <reporter-output>
          </reporter-output>
        </test-method> <!-- account_Login -->
        <test-method is-config="true" signature="tearDown()[pri:0, instance:testCases.TS_002_LoginTest@3de8f619]" started-at="2025-05-22T22:05:45 IST" name="tearDown" finished-at="2025-05-22T22:05:45 IST" duration-ms="645" status="PASS">
          <reporter-output>
          </reporter-output>
        </test-method> <!-- tearDown -->
      </class> <!-- testCases.TS_002_LoginTest -->
    </test> <!-- Test -->
  </suite> <!-- Suite -->
</testng-results>
