<?xml version="1.0" encoding="UTF-8"?>
<testng-results ignored="0" total="1" passed="1" failed="0" skipped="0">
  <reporter-output>
  </reporter-output>
  <suite started-at="2025-06-21T23:31:23 IST" name="Suite" finished-at="2025-06-21T23:31:39 IST" duration-ms="16464">
    <groups>
    </groups>
    <test started-at="2025-06-21T23:31:23 IST" name="Test" finished-at="2025-06-21T23:31:39 IST" duration-ms="16464">
      <class name="testCases.TS_009_Wish_List">
        <test-method is-config="true" signature="setup(java.lang.String,java.lang.String)[pri:0, instance:testCases.TS_009_Wish_List@1a245833]" started-at="2025-06-21T23:31:24 IST" name="setup" finished-at="2025-06-21T23:31:30 IST" duration-ms="5966" status="PASS">
          <params>
            <param index="0">
              <value>
                <![CDATA[Windows]]>
              </value>
            </param>
            <param index="1">
              <value>
                <![CDATA[chrome]]>
              </value>
            </param>
          </params>
          <reporter-output>
          </reporter-output>
        </test-method> <!-- setup -->
        <test-method signature="testWishList()[pri:0, instance:testCases.TS_009_Wish_List@1a245833]" started-at="2025-06-21T23:31:30 IST" name="testWishList" finished-at="2025-06-21T23:31:39 IST" duration-ms="9291" status="PASS">
          <reporter-output>
          </reporter-output>
        </test-method> <!-- testWishList -->
        <test-method is-config="true" signature="tearDown()[pri:0, instance:testCases.TS_009_Wish_List@1a245833]" started-at="2025-06-21T23:31:39 IST" name="tearDown" finished-at="2025-06-21T23:31:39 IST" duration-ms="283" status="PASS">
          <reporter-output>
          </reporter-output>
        </test-method> <!-- tearDown -->
      </class> <!-- testCases.TS_009_Wish_List -->
    </test> <!-- Test -->
  </suite> <!-- Suite -->
</testng-results>
